<?xml version="1.0" encoding="UTF-8"?>
<!-- Generated by org.testng.reporters.JUnitReportReporter -->
<testsuite hostname="del1-lhp-n78160" failures="0" tests="7" name="com.seleniumTestNG.suite1.HdfcBank" time="24.200" errors="0" timestamp="2022-12-20T15:43:17 IST" skipped="0">
  <testcase classname="com.seleniumTestNG.suite1.HdfcBank" name="verifyHDFCBankHomePage" time="5.013"/>
  <system-out/>
  <testcase classname="com.seleniumTestNG.suite1.HdfcBank" name="goToLocateUsPage" time="3.221"/>
  <system-out/>
  <testcase classname="com.seleniumTestNG.suite1.HdfcBank" name="goToNRIPage" time="4.606"/>
  <system-out/>
  <testcase classname="com.seleniumTestNG.suite1.HdfcBank" name="goToSMEPage" time="4.535"/>
  <system-out/>
  <testcase classname="com.seleniumTestNG.suite1.HdfcBank" name="goToPreviousPage" time="2.880"/>
  <system-out/>
  <testcase classname="com.seleniumTestNG.suite1.HdfcBank" name="goToForwardPage" time="0.914"/>
  <system-out/>
  <testcase classname="com.seleniumTestNG.suite1.HdfcBank" name="switchToLocateUsPage" time="3.031"/>
  <system-out/>
</testsuite> <!-- com.seleniumTestNG.suite1.HdfcBank -->
