<?xml version="1.0" encoding="UTF-8"?>
<!-- Generated by org.testng.reporters.JUnitReportReporter -->
<testsuite hostname="del1-lhp-n77069" failures="0" tests="2" name="com.seleniumTestNG.suite1.DemoTest2" time="0.011" errors="0" timestamp="2022-10-25T16:47:18 IST" skipped="0">
  <testcase classname="com.seleniumTestNG.suite1.DemoTest2" name="test02" time="0.001"/>
  <system-out/>
  <testcase classname="com.seleniumTestNG.suite1.DemoTest2" name="test01" time="0.010"/>
  <system-out/>
</testsuite> <!-- com.seleniumTestNG.suite1.DemoTest2 -->
