<?xml version="1.0" encoding="UTF-8"?>
<!-- Generated by org.testng.reporters.JUnitReportReporter -->
<testsuite hostname="del1-lhp-n78160" failures="0" tests="3" name="com.seleniumTestNG.suite1.Amazon" time="17.859" errors="0" timestamp="2022-12-20T15:43:17 IST" skipped="0">
  <testcase classname="com.seleniumTestNG.suite1.Amazon" name="verifyAmazonHomePage" time="7.017"/>
  <system-out/>
  <testcase classname="com.seleniumTestNG.suite1.Amazon" name="goToPantryPage" time="4.285"/>
  <system-out/>
  <testcase classname="com.seleniumTestNG.suite1.Amazon" name="openItemDetails" time="6.557"/>
  <system-out/>
</testsuite> <!-- com.seleniumTestNG.suite1.Amazon -->
